Product projects
---------------------------------------
D:\ESCRITORIO\septimo\distribuidas\proyecto\Sales_2026\Entities\Entities.csproj
D:\ESCRITORIO\septimo\distribuidas\proyecto\Sales_2026\DAL\DAL.csproj
D:\ESCRITORIO\septimo\distribuidas\proyecto\Sales_2026\SLC\SLC.csproj
D:\ESCRITORIO\septimo\distribuidas\proyecto\Sales_2026\Test\Test.csproj
D:\ESCRITORIO\septimo\distribuidas\proyecto\Sales_2026\BLL\BLL.csproj
D:\ESCRITORIO\septimo\distribuidas\proyecto\Sales_2026\NWindProxyService1\NWindProxyService1.csproj
D:\ESCRITORIO\septimo\distribuidas\proyecto\Sales_2026\Security\Security.csproj


Test projects
---------------------------------------


Invalid projects
---------------------------------------
{none}


Skipped projects
---------------------------------------
{none}


Excluded projects
---------------------------------------
{none}


